# JRE version: OpenJDK Runtime Environment (18.0.2+9) (build 18.0.2-ea+9-Ubuntu-222.04)
# Java VM: OpenJDK 64-Bit Server VM (18.0.2-ea+9-Ubuntu-222.04, mixed mode, emulated-client, sharing, tiered, compressed oops, compressed class ptrs, g1 gc, linux-amd64)
GC Precious Log:
 CardTable entry size: 512
 Card Set container configuration: InlinePtr #cards 4 size 8 Array Of Cards #cards 16 size 48 Howl #buckets 8 coarsen threshold 3686 Howl Bitmap #cards 512 size 80 coarsen threshold 460 Card regions per heap region 1 cards per card region 4096
 CPUs: 4 total, 4 available
 Memory: 15892M
 Large Page Support: Disabled
 NUMA Support: Disabled
 Compressed Oops: Enabled (Zero based)
 Heap Region Size: 2M
 Heap Min Capacity: 8M
 Heap Initial Capacity: 250M
 Heap Max Capacity: 3974M
 Pre-touch: Disabled
 Parallel Workers: 4
 Concurrent Workers: 1
 Concurrent Refinement Workers: 4
 Periodic GC: Disabled
Heap:
 garbage-first heap   total 157696K, used 121619K [0x0000000707a00000, 0x0000000800000000)
  region size 2048K, 40 young (81920K), 4 survivors (8192K)
 Metaspace       used 81044K, committed 82048K, reserved 1179648K
  class space    used 10912K, committed 11392K, reserved 1048576K
GC Heap History (20 events):
Event: 1745,428 GC heap after
{Heap after GC invocations=68 (full 8):
 garbage-first heap   total 163840K, used 55227K [0x0000000707a00000, 0x0000000800000000)
  region size 2048K, 3 young (6144K), 3 survivors (6144K)
 Metaspace       used 79325K, committed 80320K, reserved 1179648K
  class space    used 10771K, committed 11264K, reserved 1048576K
}
Event: 1779,213 GC heap before
{Heap before GC invocations=68 (full 8):
 garbage-first heap   total 163840K, used 116667K [0x0000000707a00000, 0x0000000800000000)
  region size 2048K, 35 young (71680K), 3 survivors (6144K)
 Metaspace       used 79331K, committed 80320K, reserved 1179648K
  class space    used 10772K, committed 11264K, reserved 1048576K
}
Event: 1779,304 GC heap after
{Heap after GC invocations=69 (full 9):
 garbage-first heap   total 163840K, used 46631K [0x0000000707a00000, 0x0000000800000000)
  region size 2048K, 0 young (0K), 0 survivors (0K)
 Metaspace       used 79315K, committed 80320K, reserved 1179648K
  class space    used 10769K, committed 11264K, reserved 1048576K
}
Event: 1780,060 GC heap before
{Heap before GC invocations=69 (full 9):
 garbage-first heap   total 163840K, used 126503K [0x0000000707a00000, 0x0000000800000000)
  region size 2048K, 39 young (79872K), 0 survivors (0K)
 Metaspace       used 79541K, committed 80512K, reserved 1179648K
  class space    used 10802K, committed 11264K, reserved 1048576K
}
Event: 1780,066 GC heap after
{Heap after GC invocations=70 (full 9):
 garbage-first heap   total 163840K, used 51893K [0x0000000707a00000, 0x0000000800000000)
  region size 2048K, 3 young (6144K), 3 survivors (6144K)
 Metaspace       used 79541K, committed 80512K, reserved 1179648K
  class space    used 10802K, committed 11264K, reserved 1048576K
}
Event: 1822,219 GC heap before
{Heap before GC invocations=70 (full 9):
 garbage-first heap   total 163840K, used 127669K [0x0000000707a00000, 0x0000000800000000)
  region size 2048K, 40 young (81920K), 3 survivors (6144K)
 Metaspace       used 79993K, committed 81024K, reserved 1179648K
  class space    used 10837K, committed 11328K, reserved 1048576K
}
Event: 1822,247 GC heap after
{Heap after GC invocations=71 (full 9):
 garbage-first heap   total 163840K, used 53505K [0x0000000707a00000, 0x0000000800000000)
  region size 2048K, 4 young (8192K), 4 survivors (8192K)
 Metaspace       used 79993K, committed 81024K, reserved 1179648K
  class space    used 10837K, committed 11328K, reserved 1048576K
}
Event: 1822,957 GC heap before
{Heap before GC invocations=71 (full 9):
 garbage-first heap   total 163840K, used 127233K [0x0000000707a00000, 0x0000000800000000)
  region size 2048K, 40 young (81920K), 4 survivors (8192K)
 Metaspace       used 80234K, committed 81216K, reserved 1179648K
  class space    used 10856K, committed 11328K, reserved 1048576K
}
Event: 1822,966 GC heap after
{Heap after GC invocations=72 (full 9):
 garbage-first heap   total 163840K, used 57404K [0x0000000707a00000, 0x0000000800000000)
  region size 2048K, 4 young (8192K), 4 survivors (8192K)
 Metaspace       used 80234K, committed 81216K, reserved 1179648K
  class space    used 10856K, committed 11328K, reserved 1048576K
}
Event: 1823,263 GC heap before
{Heap before GC invocations=72 (full 9):
 garbage-first heap   total 163840K, used 124988K [0x0000000707a00000, 0x0000000800000000)
  region size 2048K, 38 young (77824K), 4 survivors (8192K)
 Metaspace       used 80579K, committed 81600K, reserved 1179648K
  class space    used 10882K, committed 11392K, reserved 1048576K
}
Event: 1823,280 GC heap after
{Heap after GC invocations=73 (full 9):
 garbage-first heap   total 163840K, used 64292K [0x0000000707a00000, 0x0000000800000000)
  region size 2048K, 5 young (10240K), 5 survivors (10240K)
 Metaspace       used 80579K, committed 81600K, reserved 1179648K
  class space    used 10882K, committed 11392K, reserved 1048576K
}
Event: 1823,403 GC heap before
{Heap before GC invocations=73 (full 9):
 garbage-first heap   total 163840K, used 123684K [0x0000000707a00000, 0x0000000800000000)
  region size 2048K, 35 young (71680K), 5 survivors (10240K)
 Metaspace       used 80579K, committed 81600K, reserved 1179648K
  class space    used 10882K, committed 11392K, reserved 1048576K
}
Event: 1823,412 GC heap after
{Heap after GC invocations=74 (full 9):
 garbage-first heap   total 163840K, used 62250K [0x0000000707a00000, 0x0000000800000000)
  region size 2048K, 2 young (4096K), 2 survivors (4096K)
 Metaspace       used 80579K, committed 81600K, reserved 1179648K
  class space    used 10882K, committed 11392K, reserved 1048576K
}
Event: 1826,774 GC heap before
{Heap before GC invocations=74 (full 9):
 garbage-first heap   total 163840K, used 125738K [0x0000000707a00000, 0x0000000800000000)
  region size 2048K, 33 young (67584K), 2 survivors (4096K)
 Metaspace       used 80583K, committed 81664K, reserved 1179648K
  class space    used 10883K, committed 11392K, reserved 1048576K
}
Event: 1826,779 GC heap after
{Heap after GC invocations=75 (full 9):
 garbage-first heap   total 229376K, used 62292K [0x0000000707a00000, 0x0000000800000000)
  region size 2048K, 2 young (4096K), 2 survivors (4096K)
 Metaspace       used 80583K, committed 81664K, reserved 1179648K
  class space    used 10883K, committed 11392K, reserved 1048576K
}
Event: 1838,225 GC heap before
{Heap before GC invocations=75 (full 9):
 garbage-first heap   total 229376K, used 68436K [0x0000000707a00000, 0x0000000800000000)
  region size 2048K, 6 young (12288K), 2 survivors (4096K)
 Metaspace       used 80587K, committed 81664K, reserved 1179648K
  class space    used 10883K, committed 11392K, reserved 1048576K
}
Event: 1838,479 GC heap after
{Heap after GC invocations=76 (full 10):
 garbage-first heap   total 157696K, used 42565K [0x0000000707a00000, 0x0000000800000000)
  region size 2048K, 0 young (0K), 0 survivors (0K)
 Metaspace       used 80453K, committed 81664K, reserved 1179648K
  class space    used 10859K, committed 11392K, reserved 1048576K
}
Event: 1839,498 GC heap before
{Heap before GC invocations=76 (full 10):
 garbage-first heap   total 157696K, used 122437K [0x0000000707a00000, 0x0000000800000000)
  region size 2048K, 39 young (79872K), 0 survivors (0K)
 Metaspace       used 80631K, committed 81664K, reserved 1179648K
  class space    used 10883K, committed 11392K, reserved 1048576K
}
Event: 1839,505 GC heap after
{Heap after GC invocations=77 (full 10):
 garbage-first heap   total 157696K, used 47891K [0x0000000707a00000, 0x0000000800000000)
  region size 2048K, 3 young (6144K), 3 survivors (6144K)
 Metaspace       used 80631K, committed 81664K, reserved 1179648K
  class space    used 10883K, committed 11392K, reserved 1048576K
}
Event: 2046,877 GC heap before
{Heap before GC invocations=77 (full 10):
 garbage-first heap   total 157696K, used 121619K [0x0000000707a00000, 0x0000000800000000)
  region size 2048K, 39 young (79872K), 3 survivors (6144K)
 Metaspace       used 81044K, committed 82048K, reserved 1179648K
  class space    used 10912K, committed 11392K, reserved 1048576K
}

