# JRE version: OpenJDK Runtime Environment (18.0.2+9) (build 18.0.2-ea+9-Ubuntu-222.04)
# Java VM: OpenJDK 64-Bit Server VM (18.0.2-ea+9-Ubuntu-222.04, mixed mode, emulated-client, sharing, tiered, compressed oops, compressed class ptrs, g1 gc, linux-amd64)
GC Precious Log:
 CardTable entry size: 512
 Card Set container configuration: InlinePtr #cards 4 size 8 Array Of Cards #cards 16 size 48 Howl #buckets 8 coarsen threshold 3686 Howl Bitmap #cards 512 size 80 coarsen threshold 460 Card regions per heap region 1 cards per card region 4096
 CPUs: 4 total, 4 available
 Memory: 15892M
 Large Page Support: Disabled
 NUMA Support: Disabled
 Compressed Oops: Enabled (Zero based)
 Heap Region Size: 2M
 Heap Min Capacity: 8M
 Heap Initial Capacity: 250M
 Heap Max Capacity: 3974M
 Pre-touch: Disabled
 Parallel Workers: 4
 Concurrent Workers: 1
 Concurrent Refinement Workers: 4
 Periodic GC: Disabled
Heap:
 garbage-first heap   total 178176K, used 141149K [0x0000000707a00000, 0x0000000800000000)
  region size 2048K, 36 young (73728K), 2 survivors (4096K)
 Metaspace       used 72423K, committed 73344K, reserved 1114112K
  class space    used 9996K, committed 10432K, reserved 1048576K
GC Heap History (20 events):
Event: 2682,165 GC heap after
{Heap after GC invocations=42 (full 1):
 garbage-first heap   total 178176K, used 57994K [0x0000000707a00000, 0x0000000800000000)
  region size 2048K, 1 young (2048K), 1 survivors (2048K)
 Metaspace       used 71025K, committed 71872K, reserved 1114112K
  class space    used 9870K, committed 10304K, reserved 1048576K
}
Event: 3029,673 GC heap before
{Heap before GC invocations=42 (full 1):
 garbage-first heap   total 178176K, used 144010K [0x0000000707a00000, 0x0000000800000000)
  region size 2048K, 43 young (88064K), 1 survivors (2048K)
 Metaspace       used 71025K, committed 71872K, reserved 1114112K
  class space    used 9870K, committed 10304K, reserved 1048576K
}
Event: 3029,683 GC heap after
{Heap after GC invocations=43 (full 1):
 garbage-first heap   total 178176K, used 57966K [0x0000000707a00000, 0x0000000800000000)
  region size 2048K, 1 young (2048K), 1 survivors (2048K)
 Metaspace       used 71025K, committed 71872K, reserved 1114112K
  class space    used 9870K, committed 10304K, reserved 1048576K
}
Event: 3386,033 GC heap before
{Heap before GC invocations=43 (full 1):
 garbage-first heap   total 178176K, used 146030K [0x0000000707a00000, 0x0000000800000000)
  region size 2048K, 44 young (90112K), 1 survivors (2048K)
 Metaspace       used 71025K, committed 71872K, reserved 1114112K
  class space    used 9870K, committed 10304K, reserved 1048576K
}
Event: 3386,042 GC heap after
{Heap after GC invocations=44 (full 1):
 garbage-first heap   total 178176K, used 57862K [0x0000000707a00000, 0x0000000800000000)
  region size 2048K, 1 young (2048K), 1 survivors (2048K)
 Metaspace       used 71025K, committed 71872K, reserved 1114112K
  class space    used 9870K, committed 10304K, reserved 1048576K
}
Event: 3749,244 GC heap before
{Heap before GC invocations=44 (full 1):
 garbage-first heap   total 178176K, used 147974K [0x0000000707a00000, 0x0000000800000000)
  region size 2048K, 45 young (92160K), 1 survivors (2048K)
 Metaspace       used 71025K, committed 71872K, reserved 1114112K
  class space    used 9870K, committed 10304K, reserved 1048576K
}
Event: 3749,247 GC heap after
{Heap after GC invocations=45 (full 1):
 garbage-first heap   total 178176K, used 57932K [0x0000000707a00000, 0x0000000800000000)
  region size 2048K, 1 young (2048K), 1 survivors (2048K)
 Metaspace       used 71025K, committed 71872K, reserved 1114112K
  class space    used 9870K, committed 10304K, reserved 1048576K
}
Event: 4112,989 GC heap before
{Heap before GC invocations=45 (full 1):
 garbage-first heap   total 178176K, used 148044K [0x0000000707a00000, 0x0000000800000000)
  region size 2048K, 45 young (92160K), 1 survivors (2048K)
 Metaspace       used 71025K, committed 71872K, reserved 1114112K
  class space    used 9870K, committed 10304K, reserved 1048576K
}
Event: 4113,000 GC heap after
{Heap after GC invocations=46 (full 1):
 garbage-first heap   total 178176K, used 57933K [0x0000000707a00000, 0x0000000800000000)
  region size 2048K, 1 young (2048K), 1 survivors (2048K)
 Metaspace       used 71025K, committed 71872K, reserved 1114112K
  class space    used 9870K, committed 10304K, reserved 1048576K
}
Event: 4209,582 GC heap before
{Heap before GC invocations=46 (full 1):
 garbage-first heap   total 178176K, used 145997K [0x0000000707a00000, 0x0000000800000000)
  region size 2048K, 45 young (92160K), 1 survivors (2048K)
 Metaspace       used 71221K, committed 72064K, reserved 1114112K
  class space    used 9887K, committed 10304K, reserved 1048576K
}
Event: 4209,587 GC heap after
{Heap after GC invocations=47 (full 1):
 garbage-first heap   total 178176K, used 61971K [0x0000000707a00000, 0x0000000800000000)
  region size 2048K, 3 young (6144K), 3 survivors (6144K)
 Metaspace       used 71221K, committed 72064K, reserved 1114112K
  class space    used 9887K, committed 10304K, reserved 1048576K
}
Event: 4268,905 GC heap before
{Heap before GC invocations=47 (full 1):
 garbage-first heap   total 178176K, used 145939K [0x0000000707a00000, 0x0000000800000000)
  region size 2048K, 44 young (90112K), 3 survivors (6144K)
 Metaspace       used 71599K, committed 72512K, reserved 1114112K
  class space    used 9925K, committed 10368K, reserved 1048576K
}
Event: 4268,927 GC heap after
{Heap after GC invocations=48 (full 1):
 garbage-first heap   total 178176K, used 64008K [0x0000000707a00000, 0x0000000800000000)
  region size 2048K, 4 young (8192K), 4 survivors (8192K)
 Metaspace       used 71599K, committed 72512K, reserved 1114112K
  class space    used 9925K, committed 10368K, reserved 1048576K
}
Event: 4270,388 GC heap before
{Heap before GC invocations=48 (full 1):
 garbage-first heap   total 178176K, used 143880K [0x0000000707a00000, 0x0000000800000000)
  region size 2048K, 43 young (88064K), 4 survivors (8192K)
 Metaspace       used 71810K, committed 72704K, reserved 1114112K
  class space    used 9947K, committed 10368K, reserved 1048576K
}
Event: 4270,416 GC heap after
{Heap after GC invocations=49 (full 1):
 garbage-first heap   total 178176K, used 67082K [0x0000000707a00000, 0x0000000800000000)
  region size 2048K, 5 young (10240K), 5 survivors (10240K)
 Metaspace       used 71810K, committed 72704K, reserved 1114112K
  class space    used 9947K, committed 10368K, reserved 1048576K
}
Event: 4317,825 GC heap before
{Heap before GC invocations=49 (full 1):
 garbage-first heap   total 178176K, used 140810K [0x0000000707a00000, 0x0000000800000000)
  region size 2048K, 42 young (86016K), 5 survivors (10240K)
 Metaspace       used 72094K, committed 73024K, reserved 1114112K
  class space    used 9969K, committed 10432K, reserved 1048576K
}
Event: 4317,844 GC heap after
{Heap after GC invocations=50 (full 1):
 garbage-first heap   total 178176K, used 68799K [0x0000000707a00000, 0x0000000800000000)
  region size 2048K, 4 young (8192K), 4 survivors (8192K)
 Metaspace       used 72094K, committed 73024K, reserved 1114112K
  class space    used 9969K, committed 10432K, reserved 1048576K
}
Event: 4363,743 GC heap before
{Heap before GC invocations=50 (full 1):
 garbage-first heap   total 178176K, used 142527K [0x0000000707a00000, 0x0000000800000000)
  region size 2048K, 40 young (81920K), 4 survivors (8192K)
 Metaspace       used 72398K, committed 73344K, reserved 1114112K
  class space    used 9992K, committed 10432K, reserved 1048576K
}
Event: 4363,751 GC heap after
{Heap after GC invocations=51 (full 1):
 garbage-first heap   total 178176K, used 71517K [0x0000000707a00000, 0x0000000800000000)
  region size 2048K, 4 young (8192K), 4 survivors (8192K)
 Metaspace       used 72398K, committed 73344K, reserved 1114112K
  class space    used 9992K, committed 10432K, reserved 1048576K
}
Event: 4539,992 GC heap before
{Heap before GC invocations=51 (full 1):
 garbage-first heap   total 178176K, used 141149K [0x0000000707a00000, 0x0000000800000000)
  region size 2048K, 38 young (77824K), 4 survivors (8192K)
 Metaspace       used 72423K, committed 73344K, reserved 1114112K
  class space    used 9996K, committed 10432K, reserved 1048576K
}

